<?xml version="1.0" encoding="UTF-8"?>
<testng-results skipped="0" failed="0" ignored="0" total="2" passed="2">
  <reporter-output>
  </reporter-output>
  <suite name="Default suite" duration-ms="10846" started-at="2019-08-02T07:48:23Z" finished-at="2019-08-02T07:48:33Z">
    <groups>
    </groups>
    <test name="Default test" duration-ms="10846" started-at="2019-08-02T07:48:23Z" finished-at="2019-08-02T07:48:33Z">
      <class name="com.sageit.qa.testscripts.Module1">
        <test-method status="PASS" signature="logAndReportSetUp()[pri:0, instance:com.sageit.qa.testscripts.Module1@59662a0b]" name="logAndReportSetUp" is-config="true" duration-ms="101" started-at="2019-08-02T07:48:23Z" finished-at="2019-08-02T07:48:23Z">
          <reporter-output>
          </reporter-output>
        </test-method> <!-- logAndReportSetUp -->
        <test-method status="PASS" signature="browserSetup()[pri:0, instance:com.sageit.qa.testscripts.Module1@59662a0b]" name="browserSetup" is-config="true" duration-ms="9728" started-at="2019-08-02T07:48:23Z" finished-at="2019-08-02T07:48:32Z">
          <reporter-output>
          </reporter-output>
        </test-method> <!-- browserSetup -->
        <test-method status="PASS" signature="methodName(java.lang.reflect.Method)[pri:0, instance:com.sageit.qa.testscripts.Module1@59662a0b]" name="methodName" is-config="true" duration-ms="4" started-at="2019-08-02T07:48:32Z" finished-at="2019-08-02T07:48:32Z">
          <params>
            <param index="0">
              <value>
                <![CDATA[public void com.sageit.qa.testscripts.Module1.VerifyTitle_TC001() throws java.lang.Exception]]>
              </value>
            </param>
          </params>
          <reporter-output>
          </reporter-output>
        </test-method> <!-- methodName -->
        <test-method status="PASS" signature="VerifyTitle_TC001()[pri:0, instance:com.sageit.qa.testscripts.Module1@59662a0b]" name="VerifyTitle_TC001" duration-ms="17" started-at="2019-08-02T07:48:32Z" finished-at="2019-08-02T07:48:32Z">
          <reporter-output>
          </reporter-output>
        </test-method> <!-- VerifyTitle_TC001 -->
        <test-method status="PASS" signature="flush()[pri:0, instance:com.sageit.qa.testscripts.Module1@59662a0b]" name="flush" is-config="true" duration-ms="259" started-at="2019-08-02T07:48:33Z" finished-at="2019-08-02T07:48:33Z">
          <reporter-output>
          </reporter-output>
        </test-method> <!-- flush -->
        <test-method status="PASS" signature="methodName(java.lang.reflect.Method)[pri:0, instance:com.sageit.qa.testscripts.Module1@59662a0b]" name="methodName" is-config="true" duration-ms="1" started-at="2019-08-02T07:48:33Z" finished-at="2019-08-02T07:48:33Z">
          <params>
            <param index="0">
              <value>
                <![CDATA[public void com.sageit.qa.testscripts.Module1.VerifyURL_TC002() throws java.lang.Exception]]>
              </value>
            </param>
          </params>
          <reporter-output>
          </reporter-output>
        </test-method> <!-- methodName -->
        <test-method status="PASS" signature="VerifyURL_TC002()[pri:0, instance:com.sageit.qa.testscripts.Module1@59662a0b]" name="VerifyURL_TC002" duration-ms="9" started-at="2019-08-02T07:48:33Z" finished-at="2019-08-02T07:48:33Z">
          <reporter-output>
          </reporter-output>
        </test-method> <!-- VerifyURL_TC002 -->
        <test-method status="PASS" signature="flush()[pri:0, instance:com.sageit.qa.testscripts.Module1@59662a0b]" name="flush" is-config="true" duration-ms="53" started-at="2019-08-02T07:48:33Z" finished-at="2019-08-02T07:48:33Z">
          <reporter-output>
          </reporter-output>
        </test-method> <!-- flush -->
        <test-method status="PASS" signature="closeBrowser()[pri:0, instance:com.sageit.qa.testscripts.Module1@59662a0b]" name="closeBrowser" is-config="true" duration-ms="81" started-at="2019-08-02T07:48:33Z" finished-at="2019-08-02T07:48:33Z">
          <reporter-output>
          </reporter-output>
        </test-method> <!-- closeBrowser -->
      </class> <!-- com.sageit.qa.testscripts.Module1 -->
    </test> <!-- Default test -->
  </suite> <!-- Default suite -->
</testng-results>
